<?xml version="1.0" encoding="UTF-8"?>
<!-- Generated by org.testng.reporters.JUnitReportReporter -->
<testsuite hostname="ng_desktop" failures="0" tests="4" name="testCases.TC003LoginTest_DDT" time="22.170" errors="0" timestamp="2023-06-29T21:04:25 EDT" skipped="0">
  <testcase classname="testCases.TC003LoginTest_DDT" name="test_loginDDT" time="0.806"/>
  <system-out/>
  <testcase classname="testCases.TC003LoginTest_DDT" name="test_loginDDT" time="10.362"/>
  <system-out/>
  <testcase classname="testCases.TC003LoginTest_DDT" name="test_loginDDT" time="10.408"/>
  <system-out/>
  <testcase classname="testCases.TC003LoginTest_DDT" name="test_loginDDT" time="0.594"/>
  <system-out/>
</testsuite> <!-- testCases.TC003LoginTest_DDT -->
